-------------------------------------------------------------------------------
Test set: com.back.intie.IntieApplicationTests
-------------------------------------------------------------------------------
Tests run: 1, Failures: 0, Errors: 1, Skipped: 0, Time elapsed: 7.394 s <<< FAILURE! - in com.back.intie.IntieApplicationTests
contextLoads  Time elapsed: 0.003 s  <<< ERROR!
java.lang.IllegalStateException: Failed to load ApplicationContext
Caused by: org.springframework.beans.factory.UnsatisfiedDependencyException: Error creating bean with name 'authController': Unsatisfied dependency expressed through field 'passwordEncoder'; nested exception is org.springframework.beans.factory.UnsatisfiedDependencyException: Error creating bean with name 'mainSecurity': Unsatisfied dependency expressed through field 'jwtEntryPoint'; nested exception is org.springframework.beans.factory.BeanCreationException: Error creating bean with name 'jwtEntryPoint' defined in file [C:\Users\INTI\Downloads\intie\intie\target\classes\com\back\intie\Security\Jwt\JwtEntryPoint.class]: Instantiation of bean failed; nested exception is java.lang.ExceptionInInitializerError
Caused by: org.springframework.beans.factory.UnsatisfiedDependencyException: Error creating bean with name 'mainSecurity': Unsatisfied dependency expressed through field 'jwtEntryPoint'; nested exception is org.springframework.beans.factory.BeanCreationException: Error creating bean with name 'jwtEntryPoint' defined in file [C:\Users\INTI\Downloads\intie\intie\target\classes\com\back\intie\Security\Jwt\JwtEntryPoint.class]: Instantiation of bean failed; nested exception is java.lang.ExceptionInInitializerError
Caused by: org.springframework.beans.factory.BeanCreationException: Error creating bean with name 'jwtEntryPoint' defined in file [C:\Users\INTI\Downloads\intie\intie\target\classes\com\back\intie\Security\Jwt\JwtEntryPoint.class]: Instantiation of bean failed; nested exception is java.lang.ExceptionInInitializerError
Caused by: java.lang.ExceptionInInitializerError
Caused by: java.lang.RuntimeException: Uncompilable code - com.back.intie.Security.Jwt.JwtEntryPoint is not abstract and does not override abstract method commence(javax.servlet.http.HttpServletRequest,javax.servlet.http.HttpServletResponse,org.springframework.security.core.AuthenticationException) in org.springframework.security.web.AuthenticationEntryPoint

